<?xml version="1.0" encoding="UTF-8"?>
<!-- Generated by org.testng.reporters.JUnitReportReporter -->
<testsuite skipped="0" hostname="HMS-Barkha-QA" name="com.hotelogix.smoke.AdminTest.TestDev" tests="1" failures="0" timestamp="16 Oct 2018 10:50:13 GMT" time="1.066" errors="0">
  <testcase name="fn_Test" time="1.066" classname="com.hotelogix.smoke.AdminTest.TestDev"/>
</testsuite> <!-- com.hotelogix.smoke.AdminTest.TestDev -->
